Flutter Code/build/app/intermediates/manifest_merge_blame_file/debug/manifest-merger-blame-debug-report.txt
1<?xml version="1.0" encoding="utf-8"?>
2<manifest xmlns:android="http://schemas.android.com/apk/res/android"
3    package="com.wrteam.flutterquiz"
4    android:versionCode="6"
5    android:versionName="1.0.5" >
6
7    <uses-sdk
8        android:minSdkVersion="19"
9        android:targetSdkVersion="31" />
10    <!--
11         Flutter needs it to communicate with the running application
12         to allow setting breakpoints, to provide hot reload, etc.
13    -->
14    <uses-permission android:name="android.permission.INTERNET" />
14-->src/main/AndroidManifest.xml:5:4-65
14-->src/main/AndroidManifest.xml:5:21-63
15    <uses-permission android:name="android.permission.VIBRATE" />
15-->src/main/AndroidManifest.xml:4:4-64
15-->src/main/AndroidManifest.xml:4:21-62
16    <uses-permission android:name="android.permission.WRITE_EXTERNAL_STORAGE" />
16-->src/main/AndroidManifest.xml:6:5-80
16-->src/main/AndroidManifest.xml:6:22-78
17    <uses-permission android:name="android.permission.READ_EXTERNAL_STORAGE" />
17-->src/main/AndroidManifest.xml:7:5-79
17-->src/main/AndroidManifest.xml:7:22-77
18    <uses-permission android:name="android.permission.RECEIVE_BOOT_COMPLETED" />
18-->src/main/AndroidManifest.xml:8:5-80
18-->src/main/AndroidManifest.xml:8:22-78
19
20    <queries>
20-->src/main/AndroidManifest.xml:93:5-100:15
21
22        <!-- If your app opens https URLs -->
23        <intent>
23-->src/main/AndroidManifest.xml:95:5-98:14
24            <action android:name="android.intent.action.VIEW" />
24-->src/main/AndroidManifest.xml:84:16-68
24-->src/main/AndroidManifest.xml:84:24-65
25
26            <data android:scheme="https" />
26-->src/main/AndroidManifest.xml:87:16-74
26-->src/main/AndroidManifest.xml:87:22-71
27        </intent>
28        <intent>
28-->[androidx.media2:media2-session:1.2.0] AndroidManifest.xml:25:9-27:18
29            <action android:name="android.media.browse.MediaBrowserService" />
29-->[androidx.media2:media2-session:1.2.0] AndroidManifest.xml:26:13-79
29-->[androidx.media2:media2-session:1.2.0] AndroidManifest.xml:26:21-76
30        </intent>
31        <intent>
31-->[androidx.media2:media2-session:1.2.0] AndroidManifest.xml:28:9-30:18
32            <action android:name="androidx.media2.session.MediaSessionService" />
32-->[androidx.media2:media2-session:1.2.0] AndroidManifest.xml:29:13-82
32-->[androidx.media2:media2-session:1.2.0] AndroidManifest.xml:29:21-79
33        </intent>
34        <intent>
34-->[androidx.media2:media2-session:1.2.0] AndroidManifest.xml:31:9-33:18
35            <action android:name="androidx.media2.session.MediaLibraryService" />
35-->[androidx.media2:media2-session:1.2.0] AndroidManifest.xml:32:13-82
35-->[androidx.media2:media2-session:1.2.0] AndroidManifest.xml:32:21-79
36        </intent>
37
38        <package android:name="com.facebook.katana" /> <!-- For browser content -->
38-->[com.facebook.android:audience-network-sdk:6.11.0] AndroidManifest.xml:12:9-55
38-->[com.facebook.android:audience-network-sdk:6.11.0] AndroidManifest.xml:12:18-52
39        <intent>
39-->[com.google.android.gms:play-services-ads-lite:21.0.0] AndroidManifest.xml:31:9-37:18
40            <action android:name="android.intent.action.VIEW" />
40-->src/main/AndroidManifest.xml:84:16-68
40-->src/main/AndroidManifest.xml:84:24-65
41
42            <category android:name="android.intent.category.BROWSABLE" />
42-->src/main/AndroidManifest.xml:86:16-77
42-->src/main/AndroidManifest.xml:86:26-74
43
44            <data android:scheme="https" />
44-->src/main/AndroidManifest.xml:87:16-74
44-->src/main/AndroidManifest.xml:87:22-71
45        </intent> <!-- End of browser content -->
46        <!-- For CustomTabsService -->
47        <intent>
47-->[com.google.android.gms:play-services-ads-lite:21.0.0] AndroidManifest.xml:40:9-42:18
48            <action android:name="android.support.customtabs.action.CustomTabsService" />
48-->[com.google.android.gms:play-services-ads-lite:21.0.0] AndroidManifest.xml:41:13-90
48-->[com.google.android.gms:play-services-ads-lite:21.0.0] AndroidManifest.xml:41:21-87
49        </intent>
50    </queries>
51
52    <uses-permission android:name="android.permission.WAKE_LOCK" />
52-->[:firebase_messaging] AndroidManifest.xml:10:5-68
52-->[:firebase_messaging] AndroidManifest.xml:10:22-65
53    <uses-permission android:name="android.permission.ACCESS_NETWORK_STATE" />
53-->[:firebase_messaging] AndroidManifest.xml:11:5-79
53-->[:firebase_messaging] AndroidManifest.xml:11:22-76
54    <uses-permission android:name="android.permission.USE_FULL_SCREEN_INTENT" />
54-->[:flutter_local_notifications] AndroidManifest.xml:11:5-81
54-->[:flutter_local_notifications] AndroidManifest.xml:11:22-78
55    <uses-permission android:name="android.permission.SCHEDULE_EXACT_ALARM" />
55-->[:flutter_local_notifications] AndroidManifest.xml:12:5-79
55-->[:flutter_local_notifications] AndroidManifest.xml:12:22-76
56    <uses-permission android:name="android.permission.FOREGROUND_SERVICE" />
56-->[:assets_audio_player] AndroidManifest.xml:9:5-77
56-->[:assets_audio_player] AndroidManifest.xml:9:22-74
57    <uses-permission android:name="android.permission.READ_PHONE_STATE" />
58    <uses-permission android:name="android.permission.POST_NOTIFICATIONS" /> <!-- Required by older versions of Google Play services to create IID tokens -->
58-->[com.google.firebase:firebase-messaging:23.0.6] AndroidManifest.xml:26:5-77
58-->[com.google.firebase:firebase-messaging:23.0.6] AndroidManifest.xml:26:22-74
59    <uses-permission android:name="com.google.android.c2dm.permission.RECEIVE" />
59-->[com.google.firebase:firebase-messaging:23.0.6] AndroidManifest.xml:29:5-82
59-->[com.google.firebase:firebase-messaging:23.0.6] AndroidManifest.xml:29:22-79
60    <uses-permission android:name="com.google.android.gms.permission.AD_ID" />
60-->[com.facebook.android:facebook-core:13.2.0] AndroidManifest.xml:28:5-79
60-->[com.facebook.android:facebook-core:13.2.0] AndroidManifest.xml:28:22-76
61    <uses-permission android:name="com.android.vending.BILLING" />
61-->[com.android.billingclient:billing:3.0.2] AndroidManifest.xml:10:5-67
61-->[com.android.billingclient:billing:3.0.2] AndroidManifest.xml:10:22-64
62    <uses-permission android:name="com.google.android.finsky.permission.BIND_GET_INSTALL_REFERRER_SERVICE" />
62-->[com.android.installreferrer:installreferrer:1.0] AndroidManifest.xml:9:5-110
62-->[com.android.installreferrer:installreferrer:1.0] AndroidManifest.xml:9:22-107
63
64    <application
64-->src/main/AndroidManifest.xml:11:4-91:19
65        android:name="androidx.multidex.MultiDexApplication"
66        android:appComponentFactory="androidx.core.app.CoreComponentFactory"
66-->[androidx.core:core:1.7.0] AndroidManifest.xml:24:18-86
67        android:debuggable="true"
68        android:hardwareAccelerated="true"
68-->[:facebook_audience_network] AndroidManifest.xml:9:18-52
69        android:icon="@mipmap/ic_launcher"
69-->src/main/AndroidManifest.xml:13:9-43
70        android:label="Elite Quiz"
70-->src/main/AndroidManifest.xml:12:9-35
71        android:supportsRtl="true"
71-->[com.facebook.android:facebook-login:13.2.0] AndroidManifest.xml:28:18-44
72        android:usesCleartextTraffic="true" >
72-->src/main/AndroidManifest.xml:14:9-44
73        <meta-data
73-->src/main/AndroidManifest.xml:17:8-19:68
74            android:name="com.google.android.gms.ads.APPLICATION_ID"
74-->src/main/AndroidManifest.xml:18:12-68
75            android:value="ca-app-pub-3940256099942544~3347511713" />
75-->src/main/AndroidManifest.xml:19:12-66
76        <meta-data
76-->src/main/AndroidManifest.xml:21:9-23:55
77            android:name="com.google.firebase.messaging.default_notification_channel_id"
77-->src/main/AndroidManifest.xml:22:13-89
78            android:value="high_importance_channel" />
78-->src/main/AndroidManifest.xml:23:13-52
79
80        <activity
80-->src/main/AndroidManifest.xml:25:8-66:20
81            android:name="com.wrteam.flutterquiz.MainActivity"
81-->src/main/AndroidManifest.xml:26:12-40
82            android:configChanges="orientation|keyboardHidden|keyboard|screenSize|smallestScreenSize|locale|layoutDirection|fontScale|screenLayout|density|uiMode"
82-->src/main/AndroidManifest.xml:29:13-163
83            android:exported="true"
83-->src/main/AndroidManifest.xml:33:13-36
84            android:hardwareAccelerated="true"
84-->src/main/AndroidManifest.xml:30:13-47
85            android:launchMode="singleTop"
85-->src/main/AndroidManifest.xml:27:13-43
86            android:resizeableActivity="false"
86-->src/main/AndroidManifest.xml:32:13-47
87            android:theme="@style/LaunchTheme"
87-->src/main/AndroidManifest.xml:28:13-47
88            android:windowSoftInputMode="adjustResize" >
88-->src/main/AndroidManifest.xml:31:13-55
89
90            <!--
91            android:showWhenLocked="true"
92            android:turnScreenOn="true"
93            -->
94            <intent-filter>
94-->src/main/AndroidManifest.xml:38:12-41:28
95                <action android:name="FLUTTER_NOTIFICATION_CLICK" />
95-->src/main/AndroidManifest.xml:39:16-68
95-->src/main/AndroidManifest.xml:39:24-65
96
97                <category android:name="android.intent.category.DEFAULT" />
97-->src/main/AndroidManifest.xml:40:16-75
97-->src/main/AndroidManifest.xml:40:26-72
98            </intent-filter>
99            <!--
100                 Specifies an Android theme to apply to this Activity as soon as
101                 the Android process has started. This theme is visible to the user
102                 while the Flutter UI initializes. After that, this theme continues
103                 to determine the Window background behind the Flutter UI.
104            -->
105            <meta-data
105-->src/main/AndroidManifest.xml:46:13-49:17
106                android:name="io.flutter.embedding.android.NormalTheme"
106-->src/main/AndroidManifest.xml:47:15-70
107                android:resource="@style/NormalTheme" />
107-->src/main/AndroidManifest.xml:48:15-52
108
109            <!--
110              Displays an Android View that continues showing the launch screen
111                 Drawable until Flutter paints its first frame, then this splash
112                 screen fades out. A splash screen is useful to avoid any visual
113                 gap between the end of Android's launch screen and the painting of
114                 
115                 <meta-data
116              android:name="io.flutter.embedding.android.SplashScreenDrawable"
117              android:resource="@drawable/launch_background"
118              />
119                 Flutter's first frame.
120            -->
121
122            <intent-filter>
122-->src/main/AndroidManifest.xml:62:13-65:29
123                <action android:name="android.intent.action.MAIN" />
123-->src/main/AndroidManifest.xml:63:17-68
123-->src/main/AndroidManifest.xml:63:25-66
124
125                <category android:name="android.intent.category.LAUNCHER" />
125-->src/main/AndroidManifest.xml:64:17-76
125-->src/main/AndroidManifest.xml:64:27-74
126            </intent-filter>
127        </activity>
128        <!--
129             Don't delete the meta-data below.
130             This is used by the Flutter tool to generate GeneratedPluginRegistrant.java
131        -->
132        <meta-data
132-->src/main/AndroidManifest.xml:69:9-71:33
133            android:name="flutterEmbedding"
133-->src/main/AndroidManifest.xml:70:13-44
134            android:value="2" />
134-->src/main/AndroidManifest.xml:71:13-30
135        <meta-data
135-->src/main/AndroidManifest.xml:73:8-74:53
136            android:name="com.facebook.sdk.ApplicationId"
136-->src/main/AndroidManifest.xml:73:19-64
137            android:value="@string/facebook_app_id" />
137-->src/main/AndroidManifest.xml:74:12-51
138
139        <activity
139-->src/main/AndroidManifest.xml:76:8-79:47
140            android:name="com.facebook.FacebookActivity"
140-->src/main/AndroidManifest.xml:76:18-62
141            android:configChanges="keyboard|keyboardHidden|screenLayout|screenSize|orientation"
141-->src/main/AndroidManifest.xml:77:12-112
142            android:label="@string/app_name"
142-->src/main/AndroidManifest.xml:79:12-44
143            android:theme="@style/com_facebook_activity_theme" />
143-->[com.facebook.android:facebook-common:13.2.0] AndroidManifest.xml:33:13-63
144        <activity
144-->src/main/AndroidManifest.xml:80:8-89:19
145            android:name="com.facebook.CustomTabActivity"
145-->src/main/AndroidManifest.xml:81:12-57
146            android:exported="true" >
146-->src/main/AndroidManifest.xml:82:12-35
147            <intent-filter>
147-->src/main/AndroidManifest.xml:83:12-88:28
148                <action android:name="android.intent.action.VIEW" />
148-->src/main/AndroidManifest.xml:84:16-68
148-->src/main/AndroidManifest.xml:84:24-65
149
150                <category android:name="android.intent.category.DEFAULT" />
150-->src/main/AndroidManifest.xml:40:16-75
150-->src/main/AndroidManifest.xml:40:26-72
151                <category android:name="android.intent.category.BROWSABLE" />
151-->src/main/AndroidManifest.xml:86:16-77
151-->src/main/AndroidManifest.xml:86:26-74
152
153                <data android:scheme="@string/fb_login_protocol_scheme" />
153-->src/main/AndroidManifest.xml:87:16-74
153-->src/main/AndroidManifest.xml:87:22-71
154            </intent-filter>
155            <intent-filter>
155-->[com.facebook.android:facebook-common:13.2.0] AndroidManifest.xml:39:13-48:29
156                <action android:name="android.intent.action.VIEW" />
156-->src/main/AndroidManifest.xml:84:16-68
156-->src/main/AndroidManifest.xml:84:24-65
157
158                <category android:name="android.intent.category.DEFAULT" />
158-->src/main/AndroidManifest.xml:40:16-75
158-->src/main/AndroidManifest.xml:40:26-72
159                <category android:name="android.intent.category.BROWSABLE" />
159-->src/main/AndroidManifest.xml:86:16-77
159-->src/main/AndroidManifest.xml:86:26-74
160
161                <data
161-->src/main/AndroidManifest.xml:87:16-74
162                    android:host="cct.com.wrteam.flutterquiz"
163                    android:scheme="fbconnect" />
163-->src/main/AndroidManifest.xml:87:22-71
164            </intent-filter>
165        </activity>
166
167        <service
167-->[:firebase_messaging] AndroidManifest.xml:14:9-17:72
168            android:name="io.flutter.plugins.firebase.messaging.FlutterFirebaseMessagingBackgroundService"
168-->[:firebase_messaging] AndroidManifest.xml:15:13-107
169            android:exported="false"
169-->[:firebase_messaging] AndroidManifest.xml:16:13-37
170            android:permission="android.permission.BIND_JOB_SERVICE" />
170-->[:firebase_messaging] AndroidManifest.xml:17:13-69
171        <service
171-->[:firebase_messaging] AndroidManifest.xml:18:9-24:19
172            android:name="io.flutter.plugins.firebase.messaging.FlutterFirebaseMessagingService"
172-->[:firebase_messaging] AndroidManifest.xml:19:13-97
173            android:exported="false" >
173-->[:firebase_messaging] AndroidManifest.xml:20:13-37
174            <intent-filter>
174-->[:firebase_messaging] AndroidManifest.xml:21:13-23:29
175                <action android:name="com.google.firebase.MESSAGING_EVENT" />
175-->[:firebase_messaging] AndroidManifest.xml:22:17-78
175-->[:firebase_messaging] AndroidManifest.xml:22:25-75
176            </intent-filter>
177        </service>
178
179        <receiver
179-->[:firebase_messaging] AndroidManifest.xml:26:9-33:20
180            android:name="io.flutter.plugins.firebase.messaging.FlutterFirebaseMessagingReceiver"
180-->[:firebase_messaging] AndroidManifest.xml:27:13-98
181            android:exported="true"
181-->[:firebase_messaging] AndroidManifest.xml:28:13-36
182            android:permission="com.google.android.c2dm.permission.SEND" >
182-->[:firebase_messaging] AndroidManifest.xml:29:13-73
183            <intent-filter>
183-->[:firebase_messaging] AndroidManifest.xml:30:13-32:29
184                <action android:name="com.google.android.c2dm.intent.RECEIVE" />
184-->[:firebase_messaging] AndroidManifest.xml:31:17-81
184-->[:firebase_messaging] AndroidManifest.xml:31:25-78
185            </intent-filter>
186        </receiver>
187
188        <service
188-->[:firebase_messaging] AndroidManifest.xml:35:9-39:19
189            android:name="com.google.firebase.components.ComponentDiscoveryService"
189-->[:firebase_messaging] AndroidManifest.xml:35:18-89
190            android:directBootAware="true"
190-->[com.google.firebase:firebase-common:20.1.1] AndroidManifest.xml:35:13-43
191            android:exported="false" >
191-->[com.google.firebase:firebase-messaging:23.0.6] AndroidManifest.xml:55:13-37
192            <meta-data
192-->[:firebase_messaging] AndroidManifest.xml:36:13-38:85
193                android:name="com.google.firebase.components:io.flutter.plugins.firebase.messaging.FlutterFirebaseAppRegistrar"
193-->[:firebase_messaging] AndroidManifest.xml:37:17-128
194                android:value="com.google.firebase.components.ComponentRegistrar" />
194-->[:firebase_messaging] AndroidManifest.xml:38:17-82
195            <meta-data
195-->[:cloud_firestore] AndroidManifest.xml:11:13-13:85
196                android:name="com.google.firebase.components:io.flutter.plugins.firebase.firestore.FlutterFirebaseFirestoreRegistrar"
196-->[:cloud_firestore] AndroidManifest.xml:12:17-134
197                android:value="com.google.firebase.components.ComponentRegistrar" />
197-->[:cloud_firestore] AndroidManifest.xml:13:17-82
198            <meta-data
198-->[:firebase_auth] AndroidManifest.xml:11:13-13:85
199                android:name="com.google.firebase.components:io.flutter.plugins.firebase.auth.FlutterFirebaseAuthRegistrar"
199-->[:firebase_auth] AndroidManifest.xml:12:17-124
200                android:value="com.google.firebase.components.ComponentRegistrar" />
200-->[:firebase_auth] AndroidManifest.xml:13:17-82
201            <meta-data
201-->[:firebase_core] AndroidManifest.xml:11:13-13:85
202                android:name="com.google.firebase.components:io.flutter.plugins.firebase.core.FlutterFirebaseCoreRegistrar"
202-->[:firebase_core] AndroidManifest.xml:12:17-124
203                android:value="com.google.firebase.components.ComponentRegistrar" />
203-->[:firebase_core] AndroidManifest.xml:13:17-82
204            <meta-data
204-->[com.google.firebase:firebase-messaging:23.0.6] AndroidManifest.xml:56:13-58:85
205                android:name="com.google.firebase.components:com.google.firebase.messaging.FirebaseMessagingRegistrar"
205-->[com.google.firebase:firebase-messaging:23.0.6] AndroidManifest.xml:57:17-119
206                android:value="com.google.firebase.components.ComponentRegistrar" />
206-->[com.google.firebase:firebase-messaging:23.0.6] AndroidManifest.xml:58:17-82
207            <meta-data
207-->[com.google.firebase:firebase-auth:21.0.6] AndroidManifest.xml:67:13-69:85
208                android:name="com.google.firebase.components:com.google.firebase.auth.FirebaseAuthRegistrar"
208-->[com.google.firebase:firebase-auth:21.0.6] AndroidManifest.xml:68:17-109
209                android:value="com.google.firebase.components.ComponentRegistrar" />
209-->[com.google.firebase:firebase-auth:21.0.6] AndroidManifest.xml:69:17-82
210            <meta-data
210-->[com.google.firebase:firebase-firestore:24.2.1] AndroidManifest.xml:20:13-22:85
211                android:name="com.google.firebase.components:com.google.firebase.firestore.FirestoreRegistrar"
211-->[com.google.firebase:firebase-firestore:24.2.1] AndroidManifest.xml:21:17-111
212                android:value="com.google.firebase.components.ComponentRegistrar" />
212-->[com.google.firebase:firebase-firestore:24.2.1] AndroidManifest.xml:22:17-82
213            <meta-data
213-->[com.google.firebase:firebase-datatransport:18.1.5] AndroidManifest.xml:28:13-30:85
214                android:name="com.google.firebase.components:com.google.firebase.datatransport.TransportRegistrar"
214-->[com.google.firebase:firebase-datatransport:18.1.5] AndroidManifest.xml:29:17-115
215                android:value="com.google.firebase.components.ComponentRegistrar" />
215-->[com.google.firebase:firebase-datatransport:18.1.5] AndroidManifest.xml:30:17-82
216            <meta-data
216-->[com.google.firebase:firebase-installations:17.0.1] AndroidManifest.xml:18:13-20:85
217                android:name="com.google.firebase.components:com.google.firebase.installations.FirebaseInstallationsRegistrar"
217-->[com.google.firebase:firebase-installations:17.0.1] AndroidManifest.xml:19:17-127
218                android:value="com.google.firebase.components.ComponentRegistrar" />
218-->[com.google.firebase:firebase-installations:17.0.1] AndroidManifest.xml:20:17-82
219        </service>
220
221        <provider
221-->[:firebase_messaging] AndroidManifest.xml:41:9-45:38
222            android:name="io.flutter.plugins.firebase.messaging.FlutterFirebaseMessagingInitProvider"
222-->[:firebase_messaging] AndroidManifest.xml:42:13-102
223            android:authorities="com.wrteam.flutterquiz.flutterfirebasemessaginginitprovider"
223-->[:firebase_messaging] AndroidManifest.xml:43:13-88
224            android:exported="false"
224-->[:firebase_messaging] AndroidManifest.xml:44:13-37
225            android:initOrder="99" />
225-->[:firebase_messaging] AndroidManifest.xml:45:13-35
226
227        <receiver
227-->[:flutter_local_notifications] AndroidManifest.xml:15:9-17:40
228            android:name="com.dexterous.flutterlocalnotifications.ScheduledNotificationReceiver"
228-->[:flutter_local_notifications] AndroidManifest.xml:16:13-97
229            android:exported="false" />
229-->[:flutter_local_notifications] AndroidManifest.xml:17:13-37
230        <receiver
230-->[:flutter_local_notifications] AndroidManifest.xml:18:9-27:20
231            android:name="com.dexterous.flutterlocalnotifications.ScheduledNotificationBootReceiver"
231-->[:flutter_local_notifications] AndroidManifest.xml:19:13-101
232            android:exported="false" >
232-->[:flutter_local_notifications] AndroidManifest.xml:20:13-37
233            <intent-filter>
233-->[:flutter_local_notifications] AndroidManifest.xml:21:13-26:29
234                <action android:name="android.intent.action.BOOT_COMPLETED" />
234-->[:flutter_local_notifications] AndroidManifest.xml:22:17-79
234-->[:flutter_local_notifications] AndroidManifest.xml:22:25-76
235                <action android:name="android.intent.action.MY_PACKAGE_REPLACED" />
235-->[:flutter_local_notifications] AndroidManifest.xml:23:17-84
235-->[:flutter_local_notifications] AndroidManifest.xml:23:25-81
236                <action android:name="android.intent.action.QUICKBOOT_POWERON" />
236-->[:flutter_local_notifications] AndroidManifest.xml:24:17-82
236-->[:flutter_local_notifications] AndroidManifest.xml:24:25-79
237                <action android:name="com.htc.intent.action.QUICKBOOT_POWERON" />
237-->[:flutter_local_notifications] AndroidManifest.xml:25:17-82
237-->[:flutter_local_notifications] AndroidManifest.xml:25:25-79
238            </intent-filter>
239        </receiver>
240        <receiver
240-->[:assets_audio_player] AndroidManifest.xml:14:9-16:39
241            android:name="com.github.florent37.assets_audio_player.notification.NotificationActionReceiver"
241-->[:assets_audio_player] AndroidManifest.xml:15:13-108
242            android:exported="true" />
242-->[:assets_audio_player] AndroidManifest.xml:16:13-36
243        <receiver
243-->[:assets_audio_player] AndroidManifest.xml:17:9-23:20
244            android:name="com.github.florent37.assets_audio_player.notification.CustomMediaButtonReceiver"
244-->[:assets_audio_player] AndroidManifest.xml:18:13-107
245            android:exported="true" >
245-->[:assets_audio_player] AndroidManifest.xml:19:13-36
246            <intent-filter>
246-->[:assets_audio_player] AndroidManifest.xml:20:13-22:29
247                <action android:name="android.intent.action.MEDIA_BUTTON" />
247-->[:assets_audio_player] AndroidManifest.xml:21:17-77
247-->[:assets_audio_player] AndroidManifest.xml:21:25-74
248            </intent-filter>
249        </receiver>
250
251        <service
251-->[:assets_audio_player] AndroidManifest.xml:25:9-35:19
252            android:name="com.github.florent37.assets_audio_player.notification.NotificationService"
252-->[:assets_audio_player] AndroidManifest.xml:26:13-101
253            android:enabled="true"
253-->[:assets_audio_player] AndroidManifest.xml:27:13-35
254            android:exported="true" >
254-->[:assets_audio_player] AndroidManifest.xml:28:13-36
255
256            <!--
257            <intent-filter>
258                <action android:name="android.intent.action.MEDIA_BUTTON" />
259            </intent-filter>
260            -->
261        </service>
262
263        <meta-data
263-->[:google_mobile_ads] AndroidManifest.xml:12:9-14:36
264            android:name="io.flutter.embedded_views_preview"
264-->[:google_mobile_ads] AndroidManifest.xml:13:13-61
265            android:value="true" />
265-->[:google_mobile_ads] AndroidManifest.xml:14:13-33
266
267        <provider
267-->[:share_plus] AndroidManifest.xml:10:9-18:20
268            android:name="dev.fluttercommunity.plus.share.ShareFileProvider"
268-->[:share_plus] AndroidManifest.xml:11:13-77
269            android:authorities="com.wrteam.flutterquiz.flutter.share_provider"
269-->[:share_plus] AndroidManifest.xml:12:13-74
270            android:exported="false"
270-->[:share_plus] AndroidManifest.xml:13:13-37
271            android:grantUriPermissions="true" >
271-->[:share_plus] AndroidManifest.xml:14:13-47
272            <meta-data
272-->[:share_plus] AndroidManifest.xml:15:13-17:68
273                android:name="android.support.FILE_PROVIDER_PATHS"
273-->[:share_plus] AndroidManifest.xml:16:17-67
274                android:resource="@xml/flutter_share_file_paths" />
274-->[:share_plus] AndroidManifest.xml:17:17-65
275        </provider>
276        <provider
276-->[:image_picker_android] AndroidManifest.xml:10:9-18:20
277            android:name="io.flutter.plugins.imagepicker.ImagePickerFileProvider"
277-->[:image_picker_android] AndroidManifest.xml:11:13-82
278            android:authorities="com.wrteam.flutterquiz.flutter.image_provider"
278-->[:image_picker_android] AndroidManifest.xml:12:13-74
279            android:exported="false"
279-->[:image_picker_android] AndroidManifest.xml:13:13-37
280            android:grantUriPermissions="true" >
280-->[:image_picker_android] AndroidManifest.xml:14:13-47
281            <meta-data
281-->[:share_plus] AndroidManifest.xml:15:13-17:68
282                android:name="android.support.FILE_PROVIDER_PATHS"
282-->[:share_plus] AndroidManifest.xml:16:17-67
283                android:resource="@xml/flutter_image_picker_file_paths" />
283-->[:share_plus] AndroidManifest.xml:17:17-65
284        </provider>
285
286        <activity
286-->[:url_launcher_android] AndroidManifest.xml:10:9-13:74
287            android:name="io.flutter.plugins.urllauncher.WebViewActivity"
287-->[:url_launcher_android] AndroidManifest.xml:11:13-74
288            android:exported="false"
288-->[:url_launcher_android] AndroidManifest.xml:12:13-37
289            android:theme="@android:style/Theme.NoTitleBar.Fullscreen" />
289-->[:url_launcher_android] AndroidManifest.xml:13:13-71
290
291        <uses-library
291-->[androidx.window:window:1.0.0-beta04] AndroidManifest.xml:25:9-27:40
292            android:name="androidx.window.extensions"
292-->[androidx.window:window:1.0.0-beta04] AndroidManifest.xml:26:13-54
293            android:required="false" />
293-->[androidx.window:window:1.0.0-beta04] AndroidManifest.xml:27:13-37
294        <uses-library
294-->[androidx.window:window:1.0.0-beta04] AndroidManifest.xml:28:9-30:40
295            android:name="androidx.window.sidecar"
295-->[androidx.window:window:1.0.0-beta04] AndroidManifest.xml:29:13-51
296            android:required="false" />
296-->[androidx.window:window:1.0.0-beta04] AndroidManifest.xml:30:13-37
297
298        <receiver
298-->[com.google.firebase:firebase-messaging:23.0.6] AndroidManifest.xml:32:9-39:20
299            android:name="com.google.firebase.iid.FirebaseInstanceIdReceiver"
299-->[com.google.firebase:firebase-messaging:23.0.6] AndroidManifest.xml:33:13-78
300            android:exported="true"
300-->[com.google.firebase:firebase-messaging:23.0.6] AndroidManifest.xml:34:13-36
301            android:permission="com.google.android.c2dm.permission.SEND" >
301-->[com.google.firebase:firebase-messaging:23.0.6] AndroidManifest.xml:35:13-73
302            <intent-filter>
302-->[:firebase_messaging] AndroidManifest.xml:30:13-32:29
303                <action android:name="com.google.android.c2dm.intent.RECEIVE" />
303-->[:firebase_messaging] AndroidManifest.xml:31:17-81
303-->[:firebase_messaging] AndroidManifest.xml:31:25-78
304            </intent-filter>
305        </receiver>
306        <!--
307             FirebaseMessagingService performs security checks at runtime,
308             but set to not exported to explicitly avoid allowing another app to call it.
309        -->
310        <service
310-->[com.google.firebase:firebase-messaging:23.0.6] AndroidManifest.xml:45:9-52:19
311            android:name="com.google.firebase.messaging.FirebaseMessagingService"
311-->[com.google.firebase:firebase-messaging:23.0.6] AndroidManifest.xml:46:13-82
312            android:directBootAware="true"
312-->[com.google.firebase:firebase-messaging:23.0.6] AndroidManifest.xml:47:13-43
313            android:exported="false" >
313-->[com.google.firebase:firebase-messaging:23.0.6] AndroidManifest.xml:48:13-37
314            <intent-filter android:priority="-500" >
314-->[:firebase_messaging] AndroidManifest.xml:21:13-23:29
315                <action android:name="com.google.firebase.MESSAGING_EVENT" />